<?xml version="1.0" encoding="UTF-8"?>
<testng-results ignored="0" total="1" passed="1" failed="0" skipped="0">
  <reporter-output>
  </reporter-output>
  <suite started-at="2022-01-24T18:35:14 SAST" name="Surefire suite" finished-at="2022-01-24T18:35:23 SAST" duration-ms="9335">
    <groups>
      <group name="cucumber">
        <method signature="AbstractTestNGCucumberTests.runScenario(io.cucumber.testng.PickleWrapper,io.cucumber.testng.FeatureWrapper)[pri:0, instance:TestRunner@51e5fc98]" name="runScenario" class="io.cucumber.testng.AbstractTestNGCucumberTests"/>
      </group> <!-- cucumber -->
    </groups>
    <test started-at="2022-01-24T18:35:14 SAST" name="Surefire test" finished-at="2022-01-24T18:35:23 SAST" duration-ms="9335">
      <class name="TestRunner">
        <test-method is-config="true" signature="setUpClass(org.testng.ITestContext)[pri:0, instance:TestRunner@51e5fc98]" started-at="2022-01-24T18:35:14 SAST" name="setUpClass" finished-at="2022-01-24T18:35:14 SAST" duration-ms="364" status="PASS">
          <params>
            <param index="0">
              <value>
                <![CDATA[org.testng.TestRunner@5a48da4f]]>
              </value>
            </param>
          </params>
          <reporter-output>
          </reporter-output>
        </test-method> <!-- setUpClass -->
        <test-method signature="runScenario(io.cucumber.testng.PickleWrapper,io.cucumber.testng.FeatureWrapper)[pri:0, instance:TestRunner@51e5fc98]" started-at="2022-01-24T18:35:14 SAST" name="runScenario" description="Runs Cucumber Scenarios" data-provider="scenarios" finished-at="2022-01-24T18:35:23 SAST" duration-ms="8874" status="PASS">
          <params>
            <param index="0">
              <value>
                <![CDATA["01. Validate the title of a website"]]>
              </value>
            </param>
            <param index="1">
              <value>
                <![CDATA["Optional[BaseScenarios]"]]>
              </value>
            </param>
          </params>
          <reporter-output>
          </reporter-output>
        </test-method> <!-- runScenario -->
        <test-method is-config="true" signature="tearDownClass()[pri:0, instance:TestRunner@51e5fc98]" started-at="2022-01-24T18:35:23 SAST" name="tearDownClass" finished-at="2022-01-24T18:35:23 SAST" duration-ms="71" status="PASS">
          <reporter-output>
          </reporter-output>
        </test-method> <!-- tearDownClass -->
      </class> <!-- TestRunner -->
    </test> <!-- Surefire test -->
  </suite> <!-- Surefire suite -->
</testng-results>
